<?xml version="1.0" encoding="UTF-8"?>
<testng-results ignored="0" total="2" passed="2" failed="0" skipped="0">
  <reporter-output>
  </reporter-output>
  <suite started-at="2024-09-01T23:44:36 IST" name="Automation Framework Testing Suite" finished-at="2024-09-01T23:44:37 IST" duration-ms="801">
    <groups>
      <group name="Regression">
        <method signature="AppTests.SB1_login(java.lang.String)[pri:0, instance:com.training.qa.Tests.AppTests@17f9d882]" name="SB1_login" class="com.training.qa.Tests.AppTests"/>
      </group> <!-- Regression -->
    </groups>
    <test started-at="2024-09-01T23:44:36 IST" name="UI Testing Test cases" finished-at="2024-09-01T23:44:37 IST" duration-ms="801">
      <class name="com.training.qa.Tests.AppTests">
        <test-method is-config="true" signature="getSuiteName(org.testng.ITestContext)[pri:0, instance:com.training.qa.Tests.AppTests@17f9d882]" started-at="2024-09-01T23:44:36 IST" name="getSuiteName" finished-at="2024-09-01T23:44:36 IST" duration-ms="12" status="PASS">
          <params>
            <param index="0">
              <value>
                <![CDATA[org.testng.TestRunner@33abde31]]>
              </value>
            </param>
          </params>
          <reporter-output>
          </reporter-output>
        </test-method> <!-- getSuiteName -->
        <test-method is-config="true" signature="setupExecutionParams(java.lang.String)[pri:0, instance:com.training.qa.Tests.AppTests@17f9d882]" started-at="2024-09-01T23:44:36 IST" name="setupExecutionParams" finished-at="2024-09-01T23:44:36 IST" depends-on-methods="com.testng.driver.TestBase.getSuiteName" duration-ms="523" status="PASS">
          <params>
            <param index="0">
              <value>
                <![CDATA[test]]>
              </value>
            </param>
          </params>
          <reporter-output>
          </reporter-output>
        </test-method> <!-- setupExecutionParams -->
        <test-method is-config="true" signature="testDataSetup(java.lang.String,java.lang.String)[pri:0, instance:com.training.qa.Tests.AppTests@17f9d882]" started-at="2024-09-01T23:44:36 IST" name="testDataSetup" finished-at="2024-09-01T23:44:36 IST" duration-ms="61" status="PASS">
          <params>
            <param index="0">
              <value>
                <![CDATA[test]]>
              </value>
            </param>
            <param index="1">
              <value>
                <![CDATA[false]]>
              </value>
            </param>
          </params>
          <reporter-output>
          </reporter-output>
        </test-method> <!-- testDataSetup -->
        <test-method signature="SB1_login(java.lang.String)[pri:0, instance:com.training.qa.Tests.AppTests@17f9d882]" started-at="2024-09-01T23:44:37 IST" name="SB1_login" data-provider="datProvideFromExcel" finished-at="2024-09-01T23:44:37 IST" duration-ms="58" status="PASS">
          <params>
            <param index="0">
              <value>
                <![CDATA[Saud]]>
              </value>
            </param>
          </params>
          <reporter-output>
          </reporter-output>
        </test-method> <!-- SB1_login -->
        <test-method is-config="true" signature="afterMethod()[pri:0, instance:com.training.qa.Tests.AppTests@17f9d882]" started-at="2024-09-01T23:44:37 IST" name="afterMethod" finished-at="2024-09-01T23:44:37 IST" duration-ms="0" status="PASS">
          <reporter-output>
          </reporter-output>
        </test-method> <!-- afterMethod -->
        <test-method signature="SB1_login(java.lang.String)[pri:0, instance:com.training.qa.Tests.AppTests@17f9d882]" started-at="2024-09-01T23:44:37 IST" name="SB1_login" data-provider="datProvideFromExcel" finished-at="2024-09-01T23:44:37 IST" duration-ms="12" status="PASS">
          <params>
            <param index="0">
              <value>
                <![CDATA[yaad]]>
              </value>
            </param>
          </params>
          <reporter-output>
          </reporter-output>
        </test-method> <!-- SB1_login -->
        <test-method is-config="true" signature="afterMethod()[pri:0, instance:com.training.qa.Tests.AppTests@17f9d882]" started-at="2024-09-01T23:44:37 IST" name="afterMethod" finished-at="2024-09-01T23:44:37 IST" duration-ms="1" status="PASS">
          <reporter-output>
          </reporter-output>
        </test-method> <!-- afterMethod -->
        <test-method is-config="true" signature="logout()[pri:0, instance:com.training.qa.Tests.AppTests@17f9d882]" started-at="2024-09-01T23:44:37 IST" name="logout" finished-at="2024-09-01T23:44:37 IST" duration-ms="1" status="PASS">
          <reporter-output>
          </reporter-output>
        </test-method> <!-- logout -->
        <test-method is-config="true" signature="afterSuite()[pri:0, instance:com.training.qa.Tests.AppTests@17f9d882]" started-at="2024-09-01T23:44:37 IST" name="afterSuite" finished-at="2024-09-01T23:44:37 IST" duration-ms="2" status="PASS">
          <reporter-output>
          </reporter-output>
        </test-method> <!-- afterSuite -->
      </class> <!-- com.training.qa.Tests.AppTests -->
    </test> <!-- UI Testing Test cases -->
  </suite> <!-- Automation Framework Testing Suite -->
</testng-results>
